     1                                  [org 0x0100]
     2                                  
     3 00000000 B80000                  mov ax,0
     4 00000003 B90400                  mov cx,4
     5 00000006 BB0000                  mov bx,0
     6                                  
     7                                  outerloop:
     8 00000009 0306[2100]                  add ax,[num1+0]
     9 0000000D 81C30200                    add bx,2
    10 00000011 81E90100                    sub cx,1
    11 00000015 75F2                        jnz outerloop
    12                                  
    13 00000017 A3[1F00]                mov [result],ax
    14 0000001A B8004C                  mov ax,0x4c00
    15 0000001D CD21                    int 0x21
    16                                  
    17 0000001F 0000                    result:dw  0
    18 00000021 05000A000F001400        num1:dw  5,10,15,20
    19                                  
    20                                  
