     1                                  [org 0x0100]
     2                                  
     3 00000000 31C0                    xor ax,ax
     4 00000002 BB[2000]                mov bx,num1
     5                                  
     6 00000005 0307                    add ax,[bx]
     7 00000007 81C30200                add bx,2
     8                                  
     9 0000000B 0307                    add ax,[bx]
    10 0000000D 81C30200                add bx,2
    11                                  
    12 00000011 0307                    add ax,[bx]
    13 00000013 81C30200                add bx,2
    14                                  
    15 00000017 891E[2600]              mov [result],bx
    16 0000001B B8004C                  mov ax,0x4c00
    17 0000001E CD21                    int 0x21
    18                                  
    19 00000020 05000A000F00            num1:dw  5,10,15
    20 00000026 0000                    result:dw  0
